<?xml version="1.0" encoding="UTF-8"?>
<!-- Generated by org.testng.reporters.JUnitReportReporter -->
<testsuite hostname="Clarence-Lenovo" failures="0" tests="1" name="com.dvops.maven.eclipse.DVOPSTest" time="1.524" errors="0" timestamp="2023-01-25T21:59:09 SGT" skipped="0">
  <testcase classname="com.dvops.maven.eclipse.DVOPSTest" name="checkDeleteUser" time="1.524"/>
</testsuite> <!-- com.dvops.maven.eclipse.DVOPSTest -->
