<?xml version="1.0" encoding="UTF-8"?>
<!-- Generated by org.testng.reporters.JUnitReportReporter -->
<testsuite hostname="LAPTOP-G4E3D97G" failures="0" tests="6" name="com.dvops.maven.eclipse.ReviewCollectionTest" time="0.015" errors="0" timestamp="2023-02-02T21:59:56 SGT" skipped="0">
  <testcase classname="com.dvops.maven.eclipse.ReviewCollectionTest" name="testGetAllReview" time="0.000"/>
  <testcase classname="com.dvops.maven.eclipse.ReviewCollectionTest" name="testEditReview" time="0.002"/>
  <testcase classname="com.dvops.maven.eclipse.ReviewCollectionTest" name="testDeleteReview" time="0.000"/>
  <testcase classname="com.dvops.maven.eclipse.ReviewCollectionTest" name="testAddReview" time="0.005"/>
  <testcase classname="com.dvops.maven.eclipse.ReviewCollectionTest" name="testGetOneDogReview" time="0.007"/>
  <testcase classname="com.dvops.maven.eclipse.ReviewCollectionTest" name="testGetOneReview" time="0.001"/>
</testsuite> <!-- com.dvops.maven.eclipse.ReviewCollectionTest -->
