<?xml version="1.0" encoding="UTF-8"?>
<!-- Generated by org.testng.reporters.JUnitReportReporter -->
<testsuite hostname="Clarence-Lenovo" failures="0" tests="3" name="com.dvops.maven.eclipse.DogCollectionTest" time="0.028" errors="0" timestamp="2023-01-30T13:42:13 SGT" skipped="0">
  <testcase classname="com.dvops.maven.eclipse.DogCollectionTest" name="testGetOneDog" time="0.018"/>
  <testcase classname="com.dvops.maven.eclipse.DogCollectionTest" name="testGetAllDog" time="0.002"/>
  <testcase classname="com.dvops.maven.eclipse.DogCollectionTest" name="testAddDog" time="0.008"/>
</testsuite> <!-- com.dvops.maven.eclipse.DogCollectionTest -->
