<?xml version="1.0" encoding="UTF-8"?>
<!-- Generated by org.testng.reporters.JUnitReportReporter -->
se classname="com.dvops.maven.eclipse.DVOPSTest" name="checkSignUp" time="0.248"/>
<testsuite hostname="Clarence-Lenovo" failures="0" tests="6" name="com.dvops.maven.eclipse.DVOPSTest" time="3.806" errors="0" timestamp="2023-01-30T19:55:51 SGT" skipped="0">
  <testcase classname="com.dvops.maven.eclipse.DVOPSTest" name="checkDogDesc" time="0.482"/>
  <testcase classname="com.dvops.maven.eclipse.DVOPSTest" name="checkSignUp" time="0.533"/>
  <testcase classname="com.dvops.maven.eclipse.DVOPSTest" name="checkLogin" time="0.497"/>
  <testcase classname="com.dvops.maven.eclipse.DVOPSTest" name="checkUpdateUser" time="1.134"/>
  <testcase classname="com.dvops.maven.eclipse.DVOPSTest" name="checkLogOut" time="0.242"/>
  <testcase classname="com.dvops.maven.eclipse.DVOPSTest" name="checkDeleteUser" time="0.918"/>
</testsuite> <!-- com.dvops.maven.eclipse.DVOPSTest -->
