<?xml version="1.0" encoding="UTF-8"?>
<!-- Generated by org.testng.reporters.JUnitReportReporter -->
<testsuite hostname="Clarence-Lenovo" failures="0" tests="6" name="com.dvops.maven.eclipse.DVOPSTest" time="6.290" errors="0" timestamp="2023-01-30T19:04:55 SGT" skipped="0">
  <testcase classname="com.dvops.maven.eclipse.DVOPSTest" name="checkDogDesc" time="2.921"/>
  <testcase classname="com.dvops.maven.eclipse.DVOPSTest" name="checkSignUp" time="0.575"/>
  <testcase classname="com.dvops.maven.eclipse.DVOPSTest" name="checkLogin" time="0.503"/>
  <testcase classname="com.dvops.maven.eclipse.DVOPSTest" name="checkUpdateUser" time="1.122"/>
  <testcase classname="com.dvops.maven.eclipse.DVOPSTest" name="checkLogOut" time="0.239"/>
  <testcase classname="com.dvops.maven.eclipse.DVOPSTest" name="checkDeleteUser" time="0.930"/>
</testsuite> <!-- com.dvops.maven.eclipse.DVOPSTest -->
