<?xml version="1.0" encoding="UTF-8"?>
<!-- Generated by org.testng.reporters.JUnitReportReporter -->
<testsuite hostname="LAPTOP-G4E3D97G" failures="0" tests="10" name="com.dvops.maven.eclipse.DVOPSTest" time="7.492" errors="0" timestamp="2023-02-04T21:25:25 SGT" skipped="0">
  <testcase classname="com.dvops.maven.eclipse.DVOPSTest" name="checkDogDesc" time="2.669"/>
  <testcase classname="com.dvops.maven.eclipse.DVOPSTest" name="checkSignUp" time="0.414"/>
  <testcase classname="com.dvops.maven.eclipse.DVOPSTest" name="checkLogin" time="0.368"/>
  <testcase classname="com.dvops.maven.eclipse.DVOPSTest" name="checkLogOut" time="0.209"/>
  <testcase classname="com.dvops.maven.eclipse.DVOPSTest" name="checkUpdateUser" time="0.752"/>
  <testcase classname="com.dvops.maven.eclipse.DVOPSTest" name="checkDeleteUser" time="0.644"/>
  <testcase classname="com.dvops.maven.eclipse.DVOPSTest" name="checkListReviews" time="0.204"/>
  <testcase classname="com.dvops.maven.eclipse.DVOPSTest" name="checkAddReview" time="0.652"/>
  <testcase classname="com.dvops.maven.eclipse.DVOPSTest" name="checkEditReview" time="0.857"/>
  <testcase classname="com.dvops.maven.eclipse.DVOPSTest" name="checkDeleteReview" time="0.723"/>
</testsuite> <!-- com.dvops.maven.eclipse.DVOPSTest -->
