<?xml version="1.0" encoding="UTF-8"?>
<!-- Generated by org.testng.reporters.JUnitReportReporter -->
<testsuite hostname="Clarence-Lenovo" failures="0" tests="6" name="com.dvops.maven.eclipse.DVOPSTest" time="6.788" errors="0" timestamp="2023-01-30T10:46:55 SGT" skipped="0">
  <testcase classname="com.dvops.maven.eclipse.DVOPSTest" name="checkDogDesc" time="0.828"/>
  <testcase classname="com.dvops.maven.eclipse.DVOPSTest" name="checkSignUp" time="0.898"/>
  <testcase classname="com.dvops.maven.eclipse.DVOPSTest" name="checkLogin" time="0.779"/>
  <testcase classname="com.dvops.maven.eclipse.DVOPSTest" name="checkUpdateUser" time="2.106"/>
  <testcase classname="com.dvops.maven.eclipse.DVOPSTest" name="checkLogOut" time="0.411"/>
  <testcase classname="com.dvops.maven.eclipse.DVOPSTest" name="checkDeleteUser" time="1.766"/>
</testsuite> <!-- com.dvops.maven.eclipse.DVOPSTest -->
