<?xml version="1.0" encoding="UTF-8"?>
<!-- Generated by org.testng.reporters.JUnitReportReporter -->
<testsuite hostname="Clarence-Lenovo" failures="0" tests="1" name="com.dvops.maven.eclipse.DVOPSTest" time="0.006" errors="0" timestamp="2022-12-19T18:33:08 SGT" skipped="0">
  <testcase classname="com.dvops.maven.eclipse.DVOPSTest" name="f" time="0.006"/>
</testsuite> <!-- com.dvops.maven.eclipse.DVOPSTest -->
