<?xml version="1.0" encoding="UTF-8"?>
<!-- Generated by org.testng.reporters.JUnitReportReporter -->
<testsuite hostname="LAPTOP-G4E3D97G" failures="0" tests="4" name="com.dvops.maven.eclipse.UserCollectionTest" time="0.009" errors="0" timestamp="2023-02-02T22:00:06 SGT" skipped="0">
  <testcase classname="com.dvops.maven.eclipse.UserCollectionTest" name="testLogin" time="0.005"/>
  <testcase classname="com.dvops.maven.eclipse.UserCollectionTest" name="testEditUser" time="0.000"/>
  <testcase classname="com.dvops.maven.eclipse.UserCollectionTest" name="testDeleteUser" time="0.003"/>
  <testcase classname="com.dvops.maven.eclipse.UserCollectionTest" name="testSignUp" time="0.001"/>
</testsuite> <!-- com.dvops.maven.eclipse.UserCollectionTest -->
