<?xml version="1.0" encoding="UTF-8"?>
<!-- Generated by org.testng.reporters.JUnitReportReporter -->
<testsuite hostname="LAPTOP-G4E3D97G" failures="0" tests="3" name="com.dvops.maven.eclipse.DogCollectionTest" time="0.010" errors="0" timestamp="2023-02-02T22:00:22 SGT" skipped="0">
  <testcase classname="com.dvops.maven.eclipse.DogCollectionTest" name="testGetOneDog" time="0.006"/>
  <testcase classname="com.dvops.maven.eclipse.DogCollectionTest" name="testGetAllDog" time="0.001"/>
  <testcase classname="com.dvops.maven.eclipse.DogCollectionTest" name="testAddDog" time="0.003"/>
</testsuite> <!-- com.dvops.maven.eclipse.DogCollectionTest -->
