<?xml version="1.0" encoding="UTF-8"?>
<!-- Generated by org.testng.reporters.JUnitReportReporter -->
<testsuite hostname="Clarence-Lenovo" failures="0" tests="3" name="com.dvops.maven.eclipse.DVOPSTest" time="1.255" errors="0" timestamp="2022-12-21T22:14:10 SGT" skipped="0">
  <testcase classname="com.dvops.maven.eclipse.DVOPSTest" name="checkSignUp" time="0.367"/>
  <testcase classname="com.dvops.maven.eclipse.DVOPSTest" name="checkAboutUs" time="0.500"/>
  <testcase classname="com.dvops.maven.eclipse.DVOPSTest" name="checkAddReview" time="0.388"/>
</testsuite> <!-- com.dvops.maven.eclipse.DVOPSTest -->
