<?xml version="1.0" encoding="UTF-8"?>
<!-- Generated by org.testng.reporters.JUnitReportReporter -->
<testsuite hostname="LAPTOP-G4E3D97G" failures="0" tests="10" name="com.dvops.maven.eclipse.DVOPSTest" time="6.862" errors="0" timestamp="2023-02-02T21:52:27 SGT" skipped="0">
  <testcase classname="com.dvops.maven.eclipse.DVOPSTest" name="checkDogDesc" time="0.398"/>
  <testcase classname="com.dvops.maven.eclipse.DVOPSTest" name="checkSignUp" time="0.545"/>
  <testcase classname="com.dvops.maven.eclipse.DVOPSTest" name="checkLogin" time="0.480"/>
  <testcase classname="com.dvops.maven.eclipse.DVOPSTest" name="checkLogOut" time="0.251"/>
  <testcase classname="com.dvops.maven.eclipse.DVOPSTest" name="checkUpdateUser" time="1.035"/>
  <testcase classname="com.dvops.maven.eclipse.DVOPSTest" name="checkDeleteUser" time="0.878"/>
  <testcase classname="com.dvops.maven.eclipse.DVOPSTest" name="checkListReviews" time="0.239"/>
  <testcase classname="com.dvops.maven.eclipse.DVOPSTest" name="checkAddReview" time="0.863"/>
  <testcase classname="com.dvops.maven.eclipse.DVOPSTest" name="checkEditReview" time="1.174"/>
  <testcase classname="com.dvops.maven.eclipse.DVOPSTest" name="checkDeleteReview" time="0.999"/>
</testsuite> <!-- com.dvops.maven.eclipse.DVOPSTest -->
